[0.007s] Invoking command in '/home/halit/ros2_project/source/build/color_tracker': CMAKE_PREFIX_PATH=${CMAKE_PREFIX_PATH}:/opt/ros/humble /usr/bin/cmake /home/halit/ros2_project/source/led_robot -DAMENT_CMAKE_SYMLINK_INSTALL=1 -DCMAKE_INSTALL_PREFIX=/home/halit/ros2_project/source/install/color_tracker
[0.111s] -- The C compiler identification is GNU 11.4.0
[0.170s] -- The CXX compiler identification is GNU 11.4.0
[0.176s] -- Detecting C compiler ABI info
[0.221s] -- Detecting C compiler ABI info - done
[0.226s] -- Check for working C compiler: /usr/bin/cc - skipped
[0.226s] -- Detecting C compile features
[0.227s] -- Detecting C compile features - done
[0.229s] -- Detecting CXX compiler ABI info
[0.280s] -- Detecting CXX compiler ABI info - done
[0.285s] -- Check for working CXX compiler: /usr/bin/c++ - skipped
[0.285s] -- Detecting CXX compile features
[0.286s] -- Detecting CXX compile features - done
[0.288s] -- Found ament_cmake: 1.3.12 (/opt/ros/humble/share/ament_cmake/cmake)
[0.381s] -- Found Python3: /usr/bin/python3 (found version "3.10.12") found components: Interpreter 
[0.423s] -- Override CMake install command with custom implementation using symlinks instead of copying resources
[0.439s] -- Found rclcpp: 16.0.14 (/opt/ros/humble/share/rclcpp/cmake)
[0.464s] -- Found rosidl_generator_c: 3.1.7 (/opt/ros/humble/share/rosidl_generator_c/cmake)
[0.466s] -- Found rosidl_adapter: 3.1.7 (/opt/ros/humble/share/rosidl_adapter/cmake)
[0.471s] -- Found rosidl_generator_cpp: 3.1.7 (/opt/ros/humble/share/rosidl_generator_cpp/cmake)
[0.479s] -- Using all available rosidl_typesupport_c: rosidl_typesupport_fastrtps_c;rosidl_typesupport_introspection_c
[0.488s] -- Using all available rosidl_typesupport_cpp: rosidl_typesupport_fastrtps_cpp;rosidl_typesupport_introspection_cpp
[0.514s] -- Found rmw_implementation_cmake: 6.1.2 (/opt/ros/humble/share/rmw_implementation_cmake/cmake)
[0.515s] -- Found rmw_fastrtps_cpp: 6.2.8 (/opt/ros/humble/share/rmw_fastrtps_cpp/cmake)
[0.567s] -- Found OpenSSL: /usr/lib/x86_64-linux-gnu/libcrypto.so (found version "3.0.2")  
[0.584s] -- Found FastRTPS: /opt/ros/humble/include  
[0.609s] -- Using RMW implementation 'rmw_fastrtps_cpp' as default
[0.614s] -- Looking for pthread.h
[0.663s] -- Looking for pthread.h - found
[0.664s] -- Performing Test CMAKE_HAVE_LIBC_PTHREAD
[0.710s] -- Performing Test CMAKE_HAVE_LIBC_PTHREAD - Success
[0.711s] -- Found Threads: TRUE  
[0.743s] -- Found sensor_msgs: 4.9.0 (/opt/ros/humble/share/sensor_msgs/cmake)
[0.762s] -- Found cv_bridge: 3.2.1 (/opt/ros/humble/share/cv_bridge/cmake)
[0.769s] -- Found image_transport: 3.1.12 (/opt/ros/humble/share/image_transport/cmake)
[0.791s] -- Found OpenCV: /usr (found version "4.5.4") 
[0.792s] -- Found xacro: 2.0.13 (/opt/ros/humble/share/xacro/cmake)
[0.792s] -- Found robot_state_publisher: 3.0.3 (/opt/ros/humble/share/robot_state_publisher/cmake)
[0.801s] -- Found eigen3_cmake_module: 0.1.1 (/opt/ros/humble/share/eigen3_cmake_module/cmake)
[0.802s] -- Found Eigen3: TRUE (found version "3.4.0") 
[0.802s] -- Ensuring Eigen3 include directory is part of orocos-kdl CMake target
[0.866s] -- Found gazebo_ros: 3.9.0 (/opt/ros/humble/share/gazebo_ros/cmake)
[0.872s] -- Found PkgConfig: /usr/bin/pkg-config (found version "0.29.2") 
[0.873s] -- Checking for module 'bullet>=2.82'
[0.880s] --   Found bullet, version 3.05
[0.937s] -- Found fcl: /usr/include (found suitable version "0.7.0", minimum required is "0.5.0") 
[0.966s] -- Found assimp: /usr/include (found version "5.2.0") 
[0.978s] -- Found DART: /usr/include (Required is at least version "6.6") found components: dart 
[0.995s] -- Found Boost: /usr/lib/x86_64-linux-gnu/cmake/Boost-1.74.0/BoostConfig.cmake (found suitable version "1.74.0", minimum required is "1.40.0") found components: thread system filesystem program_options regex iostreams date_time 
[1.004s] -- Found Protobuf: /usr/lib/x86_64-linux-gnu/libprotobuf.so (found version "3.12.4") 
[1.007s] -- Looking for ignition-math6 -- found version 6.15.1
[1.010s] -- Searching for dependencies of ignition-math6
[1.011s] -- Looking for OGRE...
[1.011s] -- OGRE_PREFIX_WATCH changed.
[1.015s] -- Checking for module 'OGRE'
[1.022s] --   Found OGRE, version 1.9.0
[1.041s] -- Found Ogre Ghadamon (1.9.0)
[1.046s] -- Found OGRE: optimized;/usr/lib/x86_64-linux-gnu/libOgreMain.so;debug;/usr/lib/x86_64-linux-gnu/libOgreMain.so
[1.052s] -- Looking for OGRE_Paging...
[1.056s] -- Found OGRE_Paging: optimized;/usr/lib/x86_64-linux-gnu/libOgrePaging.so;debug;/usr/lib/x86_64-linux-gnu/libOgrePaging.so
[1.056s] -- Looking for OGRE_Terrain...
[1.059s] -- Found OGRE_Terrain: optimized;/usr/lib/x86_64-linux-gnu/libOgreTerrain.so;debug;/usr/lib/x86_64-linux-gnu/libOgreTerrain.so
[1.059s] -- Looking for OGRE_Property...
[1.062s] -- Found OGRE_Property: optimized;/usr/lib/x86_64-linux-gnu/libOgreProperty.so;debug;/usr/lib/x86_64-linux-gnu/libOgreProperty.so
[1.062s] -- Looking for OGRE_RTShaderSystem...
[1.065s] -- Found OGRE_RTShaderSystem: optimized;/usr/lib/x86_64-linux-gnu/libOgreRTShaderSystem.so;debug;/usr/lib/x86_64-linux-gnu/libOgreRTShaderSystem.so
[1.065s] -- Looking for OGRE_Volume...
[1.067s] -- Found OGRE_Volume: optimized;/usr/lib/x86_64-linux-gnu/libOgreVolume.so;debug;/usr/lib/x86_64-linux-gnu/libOgreVolume.so
[1.068s] -- Looking for OGRE_Overlay...
[1.070s] -- Found OGRE_Overlay: optimized;/usr/lib/x86_64-linux-gnu/libOgreOverlay.so;debug;/usr/lib/x86_64-linux-gnu/libOgreOverlay.so
[1.137s] -- Looking for ignition-math6 -- found version 6.15.1
[1.138s] -- Looking for ignition-transport8 -- found version 8.2.1
[1.139s] -- Searching for dependencies of ignition-transport8
[1.151s] -- Found Protobuf: /usr/lib/x86_64-linux-gnu/libprotobuf.so (found suitable version "3.12.4", minimum required is "3") 
[1.157s] -- Config-file not installed for ZeroMQ -- checking for pkg-config
[1.160s] -- Checking for module 'libzmq >= 4'
[1.168s] --   Found libzmq , version 4.3.4
[1.190s] -- Found ZeroMQ: TRUE (Required is at least version "4") 
[1.193s] -- Checking for module 'uuid'
[1.201s] --   Found uuid, version 2.37.2
[1.220s] -- Found UUID: TRUE  
[1.221s] -- Looking for ignition-msgs5 -- found version 5.8.1
[1.221s] -- Searching for dependencies of ignition-msgs5
[1.233s] -- Looking for ignition-math6 -- found version 6.15.1
[1.237s] -- Checking for module 'tinyxml2'
[1.244s] --   Found tinyxml2, version 9.0.0
[1.264s] -- Looking for ignition-msgs5 -- found version 5.8.1
[1.265s] -- Looking for ignition-common3 -- found version 3.14.0
[1.265s] -- Searching for dependencies of ignition-common3
[1.265s] -- Looking for dlfcn.h - found
[1.266s] -- Looking for libdl - found
[1.267s] -- Found DL: TRUE  
[1.274s] -- Found tinyobjloader: /usr/lib/x86_64-linux-gnu/cmake/tinyobjloader/tinyobjloader-config.cmake (found version "2.0.0") 
[1.274s] -- Searching for <ignition-common3> component [graphics]
[1.275s] -- Looking for ignition-common3-graphics -- found version 3.14.0
[1.276s] -- Searching for dependencies of ignition-common3-graphics
[1.276s] -- Looking for ignition-math6 -- found version 6.15.1
[1.277s] -- Looking for ignition-fuel_tools4 -- found version 4.4.0
[1.278s] -- Searching for dependencies of ignition-fuel_tools4
[1.323s] -- Found CURL: /usr/lib/x86_64-linux-gnu/libcurl.so (found version "7.81.0")  
[1.328s] -- Checking for module 'jsoncpp'
[1.336s] --   Found jsoncpp, version 1.9.5
[1.356s] -- Found JSONCPP: TRUE  
[1.360s] -- Checking for module 'libzip'
[1.367s] --   Found libzip, version 1.7.3
[1.387s] -- Found ZIP: TRUE  
[1.387s] -- Looking for ignition-common3 -- found version 3.14.0
[1.388s] -- Looking for ignition-math6 -- found version 6.15.1
[1.388s] -- Looking for ignition-msgs5 -- found version 5.8.1
[1.390s] -- Gazebo version: 11.10
[1.390s] -- Checking for module 'tbb'
[1.398s] --   Found tbb, version 2021.5.0
[1.418s] -- Found ament_lint_auto: 0.12.14 (/opt/ros/humble/share/ament_lint_auto/cmake)
[1.469s] -- Added test 'cppcheck' to perform static code analysis on C / C++ code
[1.469s] -- Configured cppcheck include dirs: 
[1.469s] -- Configured cppcheck exclude dirs and/or files: 
[1.470s] -- Added test 'lint_cmake' to check CMake code style
[1.472s] -- Added test 'uncrustify' to check C / C++ code style
[1.472s] -- Configured uncrustify additional arguments: 
[1.472s] -- Added test 'xmllint' to check XML markup files
[1.473s] -- Configuring done
[1.477s] -- Generating done
[1.479s] -- Build files have been written to: /home/halit/ros2_project/source/build/color_tracker
[1.489s] Invoked command in '/home/halit/ros2_project/source/build/color_tracker' returned '0': CMAKE_PREFIX_PATH=${CMAKE_PREFIX_PATH}:/opt/ros/humble /usr/bin/cmake /home/halit/ros2_project/source/led_robot -DAMENT_CMAKE_SYMLINK_INSTALL=1 -DCMAKE_INSTALL_PREFIX=/home/halit/ros2_project/source/install/color_tracker
[1.490s] Invoking command in '/home/halit/ros2_project/source/build/color_tracker': CMAKE_PREFIX_PATH=${CMAKE_PREFIX_PATH}:/opt/ros/humble /usr/bin/cmake --build /home/halit/ros2_project/source/build/color_tracker -- -j12 -l12
[1.518s] Invoked command in '/home/halit/ros2_project/source/build/color_tracker' returned '0': CMAKE_PREFIX_PATH=${CMAKE_PREFIX_PATH}:/opt/ros/humble /usr/bin/cmake --build /home/halit/ros2_project/source/build/color_tracker -- -j12 -l12
[1.524s] Invoking command in '/home/halit/ros2_project/source/build/color_tracker': CMAKE_PREFIX_PATH=${CMAKE_PREFIX_PATH}:/opt/ros/humble /usr/bin/cmake --install /home/halit/ros2_project/source/build/color_tracker
[1.529s] -- Install configuration: ""
[1.529s] -- Execute custom install script
[1.529s] [31mCMake Error at ament_cmake_symlink_install/ament_cmake_symlink_install.cmake:100 (message):
[1.529s]   ament_cmake_symlink_install_directory() can't find
[1.530s]   '/home/halit/ros2_project/source/led_robot/gazebo_world'
[1.530s] Call Stack (most recent call first):
[1.530s]   ament_cmake_symlink_install/ament_cmake_symlink_install.cmake:314 (ament_cmake_symlink_install_directory)
[1.530s]   cmake_install.cmake:46 (include)
[1.530s] 
[1.530s] [0m
[1.531s] Invoked command in '/home/halit/ros2_project/source/build/color_tracker' returned '1': CMAKE_PREFIX_PATH=${CMAKE_PREFIX_PATH}:/opt/ros/humble /usr/bin/cmake --install /home/halit/ros2_project/source/build/color_tracker
