[0.008s] Invoking command in '/home/halit/ros2_project/build/led_robot': CMAKE_PREFIX_PATH=${CMAKE_PREFIX_PATH}:/opt/ros/humble /usr/bin/cmake --build /home/halit/ros2_project/build/led_robot -- -j12 -l12
[0.026s] -- Found ament_cmake: 1.3.12 (/opt/ros/humble/share/ament_cmake/cmake)
[0.101s] -- Override CMake install command with custom implementation using symlinks instead of copying resources
[0.105s] -- Found rclcpp: 16.0.14 (/opt/ros/humble/share/rclcpp/cmake)
[0.122s] -- Found rosidl_generator_c: 3.1.7 (/opt/ros/humble/share/rosidl_generator_c/cmake)
[0.123s] -- Found rosidl_adapter: 3.1.7 (/opt/ros/humble/share/rosidl_adapter/cmake)
[0.127s] -- Found rosidl_generator_cpp: 3.1.7 (/opt/ros/humble/share/rosidl_generator_cpp/cmake)
[0.133s] -- Using all available rosidl_typesupport_c: rosidl_typesupport_fastrtps_c;rosidl_typesupport_introspection_c
[0.140s] -- Using all available rosidl_typesupport_cpp: rosidl_typesupport_fastrtps_cpp;rosidl_typesupport_introspection_cpp
[0.159s] -- Found rmw_implementation_cmake: 6.1.2 (/opt/ros/humble/share/rmw_implementation_cmake/cmake)
[0.159s] -- Found rmw_fastrtps_cpp: 6.2.8 (/opt/ros/humble/share/rmw_fastrtps_cpp/cmake)
[0.222s] -- Using RMW implementation 'rmw_fastrtps_cpp' as default
[0.252s] -- Found sensor_msgs: 4.9.0 (/opt/ros/humble/share/sensor_msgs/cmake)
[0.270s] -- Found cv_bridge: 3.2.1 (/opt/ros/humble/share/cv_bridge/cmake)
[0.276s] -- Found image_transport: 3.1.12 (/opt/ros/humble/share/image_transport/cmake)
[0.292s] -- Found xacro: 2.0.13 (/opt/ros/humble/share/xacro/cmake)
[0.292s] -- Found robot_state_publisher: 3.0.3 (/opt/ros/humble/share/robot_state_publisher/cmake)
[0.295s] -- Found eigen3_cmake_module: 0.1.1 (/opt/ros/humble/share/eigen3_cmake_module/cmake)
[0.296s] -- Ensuring Eigen3 include directory is part of orocos-kdl CMake target
[0.352s] -- Found gazebo_ros: 3.9.0 (/opt/ros/humble/share/gazebo_ros/cmake)
[0.373s] -- Found DART: /usr/include (Required is at least version "6.6") found components: dart 
[0.389s] -- Found Protobuf: /usr/lib/x86_64-linux-gnu/libprotobuf.so (found version "3.12.4") 
[0.390s] -- Looking for ignition-math6 -- found version 6.15.1
[0.393s] -- Searching for dependencies of ignition-math6
[0.394s] -- Looking for OGRE...
[0.397s] -- Found Ogre Ghadamon (1.9.0)
[0.397s] -- Found OGRE: optimized;/usr/lib/x86_64-linux-gnu/libOgreMain.so;debug;/usr/lib/x86_64-linux-gnu/libOgreMain.so
[0.404s] -- Looking for OGRE_Paging...
[0.404s] -- Found OGRE_Paging: optimized;/usr/lib/x86_64-linux-gnu/libOgrePaging.so;debug;/usr/lib/x86_64-linux-gnu/libOgrePaging.so
[0.404s] -- Looking for OGRE_Terrain...
[0.404s] -- Found OGRE_Terrain: optimized;/usr/lib/x86_64-linux-gnu/libOgreTerrain.so;debug;/usr/lib/x86_64-linux-gnu/libOgreTerrain.so
[0.404s] -- Looking for OGRE_Property...
[0.404s] -- Found OGRE_Property: optimized;/usr/lib/x86_64-linux-gnu/libOgreProperty.so;debug;/usr/lib/x86_64-linux-gnu/libOgreProperty.so
[0.404s] -- Looking for OGRE_RTShaderSystem...
[0.404s] -- Found OGRE_RTShaderSystem: optimized;/usr/lib/x86_64-linux-gnu/libOgreRTShaderSystem.so;debug;/usr/lib/x86_64-linux-gnu/libOgreRTShaderSystem.so
[0.404s] -- Looking for OGRE_Volume...
[0.404s] -- Found OGRE_Volume: optimized;/usr/lib/x86_64-linux-gnu/libOgreVolume.so;debug;/usr/lib/x86_64-linux-gnu/libOgreVolume.so
[0.404s] -- Looking for OGRE_Overlay...
[0.404s] -- Found OGRE_Overlay: optimized;/usr/lib/x86_64-linux-gnu/libOgreOverlay.so;debug;/usr/lib/x86_64-linux-gnu/libOgreOverlay.so
[0.471s] -- Looking for ignition-math6 -- found version 6.15.1
[0.471s] -- Looking for ignition-transport8 -- found version 8.2.1
[0.471s] -- Searching for dependencies of ignition-transport8
[0.483s] -- Found Protobuf: /usr/lib/x86_64-linux-gnu/libprotobuf.so (found suitable version "3.12.4", minimum required is "3") 
[0.490s] -- Config-file not installed for ZeroMQ -- checking for pkg-config
[0.493s] -- Checking for module 'libzmq >= 4'
[0.500s] --   Found libzmq , version 4.3.4
[0.524s] -- Checking for module 'uuid'
[0.531s] --   Found uuid, version 2.37.2
[0.549s] -- Looking for ignition-msgs5 -- found version 5.8.1
[0.549s] -- Searching for dependencies of ignition-msgs5
[0.561s] -- Looking for ignition-math6 -- found version 6.15.1
[0.565s] -- Looking for ignition-msgs5 -- found version 5.8.1
[0.565s] -- Looking for ignition-common3 -- found version 3.14.0
[0.565s] -- Searching for dependencies of ignition-common3
[0.565s] -- Looking for dlfcn.h - found
[0.565s] -- Looking for libdl - found
[0.572s] -- Searching for <ignition-common3> component [graphics]
[0.572s] -- Looking for ignition-common3-graphics -- found version 3.14.0
[0.573s] -- Searching for dependencies of ignition-common3-graphics
[0.573s] -- Looking for ignition-math6 -- found version 6.15.1
[0.574s] -- Looking for ignition-fuel_tools4 -- found version 4.4.0
[0.574s] -- Searching for dependencies of ignition-fuel_tools4
[0.597s] -- Checking for module 'jsoncpp'
[0.604s] --   Found jsoncpp, version 1.9.5
[0.626s] -- Checking for module 'libzip'
[0.633s] --   Found libzip, version 1.7.3
[0.653s] -- Looking for ignition-common3 -- found version 3.14.0
[0.653s] -- Looking for ignition-math6 -- found version 6.15.1
[0.653s] -- Looking for ignition-msgs5 -- found version 5.8.1
[0.654s] -- Gazebo version: 11.10
[0.655s] -- Found ament_lint_auto: 0.12.14 (/opt/ros/humble/share/ament_lint_auto/cmake)
[0.702s] -- Added test 'cppcheck' to perform static code analysis on C / C++ code
[0.702s] -- Configured cppcheck include dirs: 
[0.702s] -- Configured cppcheck exclude dirs and/or files: 
[0.703s] -- Added test 'flake8' to check Python code syntax and style conventions
[0.703s] -- Added test 'lint_cmake' to check CMake code style
[0.704s] -- Added test 'pep257' to check Python code against some of the docstring style conventions in PEP 257
[0.706s] -- Added test 'uncrustify' to check C / C++ code style
[0.706s] -- Configured uncrustify additional arguments: 
[0.706s] -- Added test 'xmllint' to check XML markup files
[0.707s] -- Configuring done
[0.711s] -- Generating done
[0.712s] -- Build files have been written to: /home/halit/ros2_project/build/led_robot
[0.733s] Invoked command in '/home/halit/ros2_project/build/led_robot' returned '0': CMAKE_PREFIX_PATH=${CMAKE_PREFIX_PATH}:/opt/ros/humble /usr/bin/cmake --build /home/halit/ros2_project/build/led_robot -- -j12 -l12
[0.739s] Invoking command in '/home/halit/ros2_project/build/led_robot': CMAKE_PREFIX_PATH=${CMAKE_PREFIX_PATH}:/opt/ros/humble /usr/bin/cmake --install /home/halit/ros2_project/build/led_robot
[0.744s] -- Install configuration: ""
[0.744s] -- Execute custom install script
[0.745s] -- Up-to-date symlink: /home/halit/ros2_project/install/led_robot/share/led_robot/launch/launch_sim.launch.py
[0.745s] -- Up-to-date symlink: /home/halit/ros2_project/install/led_robot/share/led_robot/launch/rsp.launch.py
[0.745s] -- Up-to-date symlink: /home/halit/ros2_project/install/led_robot/share/led_robot/description/gazebo_control.xacro
[0.745s] -- Up-to-date symlink: /home/halit/ros2_project/install/led_robot/share/led_robot/description/inertial_macros.xacro
[0.745s] -- Up-to-date symlink: /home/halit/ros2_project/install/led_robot/share/led_robot/description/robot.urdf.xacro
[0.745s] -- Up-to-date symlink: /home/halit/ros2_project/install/led_robot/share/led_robot/description/robot_core.urdf
[0.745s] -- Up-to-date symlink: /home/halit/ros2_project/install/led_robot/share/led_robot/description/robot_gps.xacro
[0.745s] -- Up-to-date symlink: /home/halit/ros2_project/install/led_robot/share/led_robot/description/robot_imu.xacro
[0.745s] -- Up-to-date symlink: /home/halit/ros2_project/install/led_robot/share/led_robot/config/joint_name_drone.yaml
[0.745s] -- Up-to-date symlink: /home/halit/ros2_project/install/led_robot/share/led_robot/meshes/base_link.STL
[0.745s] -- Up-to-date symlink: /home/halit/ros2_project/install/led_robot/share/led_robot/meshes/left_motor_bc_link.STL
[0.746s] -- Up-to-date symlink: /home/halit/ros2_project/install/led_robot/share/led_robot/meshes/left_motor_fr_link.STL
[0.746s] -- Up-to-date symlink: /home/halit/ros2_project/install/led_robot/share/led_robot/meshes/right_motor_bc_link.STL
[0.746s] -- Up-to-date symlink: /home/halit/ros2_project/install/led_robot/share/led_robot/meshes/right_motor_fr_link.STL
[0.746s] -- Up-to-date symlink: /home/halit/ros2_project/install/led_robot/share/led_robot/gazebo_world/world.world
[0.746s] -- Up-to-date symlink: /home/halit/ros2_project/install/led_robot/share/ament_index/resource_index/package_run_dependencies/led_robot
[0.746s] -- Up-to-date symlink: /home/halit/ros2_project/install/led_robot/share/ament_index/resource_index/parent_prefix_path/led_robot
[0.746s] -- Up-to-date symlink: /home/halit/ros2_project/install/led_robot/share/led_robot/environment/ament_prefix_path.sh
[0.746s] -- Up-to-date symlink: /home/halit/ros2_project/install/led_robot/share/led_robot/environment/ament_prefix_path.dsv
[0.746s] -- Up-to-date symlink: /home/halit/ros2_project/install/led_robot/share/led_robot/environment/path.sh
[0.746s] -- Up-to-date symlink: /home/halit/ros2_project/install/led_robot/share/led_robot/environment/path.dsv
[0.746s] -- Up-to-date symlink: /home/halit/ros2_project/install/led_robot/share/led_robot/local_setup.bash
[0.746s] -- Up-to-date symlink: /home/halit/ros2_project/install/led_robot/share/led_robot/local_setup.sh
[0.746s] -- Up-to-date symlink: /home/halit/ros2_project/install/led_robot/share/led_robot/local_setup.zsh
[0.746s] -- Up-to-date symlink: /home/halit/ros2_project/install/led_robot/share/led_robot/local_setup.dsv
[0.746s] -- Symlinking: /home/halit/ros2_project/install/led_robot/share/led_robot/package.dsv
[0.752s] -- Up-to-date symlink: /home/halit/ros2_project/install/led_robot/share/ament_index/resource_index/packages/led_robot
[0.752s] -- Up-to-date symlink: /home/halit/ros2_project/install/led_robot/share/led_robot/cmake/led_robotConfig.cmake
[0.752s] -- Up-to-date symlink: /home/halit/ros2_project/install/led_robot/share/led_robot/cmake/led_robotConfig-version.cmake
[0.752s] -- Up-to-date symlink: /home/halit/ros2_project/install/led_robot/share/led_robot/package.xml
[0.754s] Invoked command in '/home/halit/ros2_project/build/led_robot' returned '0': CMAKE_PREFIX_PATH=${CMAKE_PREFIX_PATH}:/opt/ros/humble /usr/bin/cmake --install /home/halit/ros2_project/build/led_robot
