[0.007s] Invoking command in '/home/halit/ros2_project/source/build/led_robot': CMAKE_PREFIX_PATH=${CMAKE_PREFIX_PATH}:/opt/ros/humble /usr/bin/cmake --build /home/halit/ros2_project/source/build/led_robot -- -j12 -l12
[0.034s] Invoked command in '/home/halit/ros2_project/source/build/led_robot' returned '0': CMAKE_PREFIX_PATH=${CMAKE_PREFIX_PATH}:/opt/ros/humble /usr/bin/cmake --build /home/halit/ros2_project/source/build/led_robot -- -j12 -l12
[0.041s] Invoking command in '/home/halit/ros2_project/source/build/led_robot': CMAKE_PREFIX_PATH=${CMAKE_PREFIX_PATH}:/opt/ros/humble /usr/bin/cmake --install /home/halit/ros2_project/source/build/led_robot
[0.046s] -- Install configuration: ""
[0.046s] -- Execute custom install script
[0.046s] -- Up-to-date symlink: /home/halit/ros2_project/source/install/led_robot/share/led_robot/launch/rsp.launch.py
[0.046s] -- Up-to-date symlink: /home/halit/ros2_project/source/install/led_robot/share/led_robot/description/inertial_macros.xacro
[0.046s] -- Up-to-date symlink: /home/halit/ros2_project/source/install/led_robot/share/led_robot/description/robot_core.urdf
[0.046s] -- Up-to-date symlink: /home/halit/ros2_project/source/install/led_robot/share/led_robot/config/joint_name_drone.yaml
[0.046s] -- Up-to-date symlink: /home/halit/ros2_project/source/install/led_robot/share/ament_index/resource_index/package_run_dependencies/led_robot
[0.047s] -- Up-to-date symlink: /home/halit/ros2_project/source/install/led_robot/share/ament_index/resource_index/parent_prefix_path/led_robot
[0.047s] -- Up-to-date symlink: /home/halit/ros2_project/source/install/led_robot/share/led_robot/environment/ament_prefix_path.sh
[0.047s] -- Up-to-date symlink: /home/halit/ros2_project/source/install/led_robot/share/led_robot/environment/ament_prefix_path.dsv
[0.047s] -- Up-to-date symlink: /home/halit/ros2_project/source/install/led_robot/share/led_robot/environment/path.sh
[0.047s] -- Up-to-date symlink: /home/halit/ros2_project/source/install/led_robot/share/led_robot/environment/path.dsv
[0.047s] -- Up-to-date symlink: /home/halit/ros2_project/source/install/led_robot/share/led_robot/local_setup.bash
[0.047s] -- Up-to-date symlink: /home/halit/ros2_project/source/install/led_robot/share/led_robot/local_setup.sh
[0.047s] -- Up-to-date symlink: /home/halit/ros2_project/source/install/led_robot/share/led_robot/local_setup.zsh
[0.047s] -- Up-to-date symlink: /home/halit/ros2_project/source/install/led_robot/share/led_robot/local_setup.dsv
[0.047s] -- Symlinking: /home/halit/ros2_project/source/install/led_robot/share/led_robot/package.dsv
[0.053s] -- Up-to-date symlink: /home/halit/ros2_project/source/install/led_robot/share/ament_index/resource_index/packages/led_robot
[0.053s] -- Up-to-date symlink: /home/halit/ros2_project/source/install/led_robot/share/led_robot/cmake/led_robotConfig.cmake
[0.053s] -- Up-to-date symlink: /home/halit/ros2_project/source/install/led_robot/share/led_robot/cmake/led_robotConfig-version.cmake
[0.053s] -- Up-to-date symlink: /home/halit/ros2_project/source/install/led_robot/share/led_robot/package.xml
[0.054s] Invoked command in '/home/halit/ros2_project/source/build/led_robot' returned '0': CMAKE_PREFIX_PATH=${CMAKE_PREFIX_PATH}:/opt/ros/humble /usr/bin/cmake --install /home/halit/ros2_project/source/build/led_robot
