[0.006s] Invoking command in '/home/halit/ros2_project/build/led_robot': CMAKE_PREFIX_PATH=${CMAKE_PREFIX_PATH}:/opt/ros/humble /usr/bin/cmake /home/halit/ros2_project/source/led_robot -DAMENT_CMAKE_SYMLINK_INSTALL=1 -DCMAKE_INSTALL_PREFIX=/home/halit/ros2_project/install/led_robot
[0.103s] -- The C compiler identification is GNU 11.4.0
[0.160s] -- The CXX compiler identification is GNU 11.4.0
[0.165s] -- Detecting C compiler ABI info
[0.209s] -- Detecting C compiler ABI info - done
[0.214s] -- Check for working C compiler: /usr/bin/cc - skipped
[0.214s] -- Detecting C compile features
[0.214s] -- Detecting C compile features - done
[0.216s] -- Detecting CXX compiler ABI info
[0.266s] -- Detecting CXX compiler ABI info - done
[0.271s] -- Check for working CXX compiler: /usr/bin/c++ - skipped
[0.271s] -- Detecting CXX compile features
[0.271s] -- Detecting CXX compile features - done
[0.273s] -- Found ament_cmake: 1.3.12 (/opt/ros/humble/share/ament_cmake/cmake)
[0.364s] -- Found Python3: /usr/bin/python3 (found version "3.10.12") found components: Interpreter 
[0.402s] -- Override CMake install command with custom implementation using symlinks instead of copying resources
[0.418s] -- Found rclcpp: 16.0.14 (/opt/ros/humble/share/rclcpp/cmake)
[0.442s] -- Found rosidl_generator_c: 3.1.7 (/opt/ros/humble/share/rosidl_generator_c/cmake)
[0.445s] -- Found rosidl_adapter: 3.1.7 (/opt/ros/humble/share/rosidl_adapter/cmake)
[0.450s] -- Found rosidl_generator_cpp: 3.1.7 (/opt/ros/humble/share/rosidl_generator_cpp/cmake)
[0.458s] -- Using all available rosidl_typesupport_c: rosidl_typesupport_fastrtps_c;rosidl_typesupport_introspection_c
[0.467s] -- Using all available rosidl_typesupport_cpp: rosidl_typesupport_fastrtps_cpp;rosidl_typesupport_introspection_cpp
[0.494s] -- Found rmw_implementation_cmake: 6.1.2 (/opt/ros/humble/share/rmw_implementation_cmake/cmake)
[0.496s] -- Found rmw_fastrtps_cpp: 6.2.8 (/opt/ros/humble/share/rmw_fastrtps_cpp/cmake)
[0.547s] -- Found OpenSSL: /usr/lib/x86_64-linux-gnu/libcrypto.so (found version "3.0.2")  
[0.563s] -- Found FastRTPS: /opt/ros/humble/include  
[0.587s] -- Using RMW implementation 'rmw_fastrtps_cpp' as default
[0.592s] -- Looking for pthread.h
[0.641s] -- Looking for pthread.h - found
[0.641s] -- Performing Test CMAKE_HAVE_LIBC_PTHREAD
[0.688s] -- Performing Test CMAKE_HAVE_LIBC_PTHREAD - Success
[0.688s] -- Found Threads: TRUE  
[0.720s] -- Found sensor_msgs: 4.9.0 (/opt/ros/humble/share/sensor_msgs/cmake)
[0.738s] -- Found cv_bridge: 3.2.1 (/opt/ros/humble/share/cv_bridge/cmake)
[0.745s] -- Found image_transport: 3.1.12 (/opt/ros/humble/share/image_transport/cmake)
[0.766s] -- Found OpenCV: /usr (found version "4.5.4") 
[0.767s] -- Found xacro: 2.0.13 (/opt/ros/humble/share/xacro/cmake)
[0.768s] -- Found robot_state_publisher: 3.0.3 (/opt/ros/humble/share/robot_state_publisher/cmake)
[0.777s] -- Found eigen3_cmake_module: 0.1.1 (/opt/ros/humble/share/eigen3_cmake_module/cmake)
[0.778s] -- Found Eigen3: TRUE (found version "3.4.0") 
[0.778s] -- Ensuring Eigen3 include directory is part of orocos-kdl CMake target
[0.841s] -- Found gazebo_ros: 3.9.0 (/opt/ros/humble/share/gazebo_ros/cmake)
[0.847s] -- Found PkgConfig: /usr/bin/pkg-config (found version "0.29.2") 
[0.848s] -- Checking for module 'bullet>=2.82'
[0.855s] --   Found bullet, version 3.05
[0.910s] -- Found fcl: /usr/include (found suitable version "0.7.0", minimum required is "0.5.0") 
[0.939s] -- Found assimp: /usr/include (found version "5.2.0") 
[0.951s] -- Found DART: /usr/include (Required is at least version "6.6") found components: dart 
[0.968s] -- Found Boost: /usr/lib/x86_64-linux-gnu/cmake/Boost-1.74.0/BoostConfig.cmake (found suitable version "1.74.0", minimum required is "1.40.0") found components: thread system filesystem program_options regex iostreams date_time 
[0.976s] -- Found Protobuf: /usr/lib/x86_64-linux-gnu/libprotobuf.so (found version "3.12.4") 
[0.979s] -- Looking for ignition-math6 -- found version 6.15.1
[0.982s] -- Searching for dependencies of ignition-math6
[0.983s] -- Looking for OGRE...
[0.983s] -- OGRE_PREFIX_WATCH changed.
[0.986s] -- Checking for module 'OGRE'
[0.994s] --   Found OGRE, version 1.9.0
[1.012s] -- Found Ogre Ghadamon (1.9.0)
[1.016s] -- Found OGRE: optimized;/usr/lib/x86_64-linux-gnu/libOgreMain.so;debug;/usr/lib/x86_64-linux-gnu/libOgreMain.so
[1.023s] -- Looking for OGRE_Paging...
[1.026s] -- Found OGRE_Paging: optimized;/usr/lib/x86_64-linux-gnu/libOgrePaging.so;debug;/usr/lib/x86_64-linux-gnu/libOgrePaging.so
[1.026s] -- Looking for OGRE_Terrain...
[1.029s] -- Found OGRE_Terrain: optimized;/usr/lib/x86_64-linux-gnu/libOgreTerrain.so;debug;/usr/lib/x86_64-linux-gnu/libOgreTerrain.so
[1.029s] -- Looking for OGRE_Property...
[1.032s] -- Found OGRE_Property: optimized;/usr/lib/x86_64-linux-gnu/libOgreProperty.so;debug;/usr/lib/x86_64-linux-gnu/libOgreProperty.so
[1.032s] -- Looking for OGRE_RTShaderSystem...
[1.035s] -- Found OGRE_RTShaderSystem: optimized;/usr/lib/x86_64-linux-gnu/libOgreRTShaderSystem.so;debug;/usr/lib/x86_64-linux-gnu/libOgreRTShaderSystem.so
[1.035s] -- Looking for OGRE_Volume...
[1.038s] -- Found OGRE_Volume: optimized;/usr/lib/x86_64-linux-gnu/libOgreVolume.so;debug;/usr/lib/x86_64-linux-gnu/libOgreVolume.so
[1.038s] -- Looking for OGRE_Overlay...
[1.040s] -- Found OGRE_Overlay: optimized;/usr/lib/x86_64-linux-gnu/libOgreOverlay.so;debug;/usr/lib/x86_64-linux-gnu/libOgreOverlay.so
[1.106s] -- Looking for ignition-math6 -- found version 6.15.1
[1.107s] -- Looking for ignition-transport8 -- found version 8.2.1
[1.107s] -- Searching for dependencies of ignition-transport8
[1.119s] -- Found Protobuf: /usr/lib/x86_64-linux-gnu/libprotobuf.so (found suitable version "3.12.4", minimum required is "3") 
[1.126s] -- Config-file not installed for ZeroMQ -- checking for pkg-config
[1.129s] -- Checking for module 'libzmq >= 4'
[1.137s] --   Found libzmq , version 4.3.4
[1.157s] -- Found ZeroMQ: TRUE (Required is at least version "4") 
[1.160s] -- Checking for module 'uuid'
[1.167s] --   Found uuid, version 2.37.2
[1.186s] -- Found UUID: TRUE  
[1.197s] -- Looking for ignition-msgs5 -- found version 5.8.1
[1.197s] -- Searching for dependencies of ignition-msgs5
[1.208s] -- Looking for ignition-math6 -- found version 6.15.1
[1.211s] -- Checking for module 'tinyxml2'
[1.219s] --   Found tinyxml2, version 9.0.0
[1.239s] -- Looking for ignition-msgs5 -- found version 5.8.1
[1.240s] -- Looking for ignition-common3 -- found version 3.14.0
[1.240s] -- Searching for dependencies of ignition-common3
[1.240s] -- Looking for dlfcn.h - found
[1.241s] -- Looking for libdl - found
[1.242s] -- Found DL: TRUE  
[1.249s] -- Found tinyobjloader: /usr/lib/x86_64-linux-gnu/cmake/tinyobjloader/tinyobjloader-config.cmake (found version "2.0.0") 
[1.249s] -- Searching for <ignition-common3> component [graphics]
[1.250s] -- Looking for ignition-common3-graphics -- found version 3.14.0
[1.251s] -- Searching for dependencies of ignition-common3-graphics
[1.251s] -- Looking for ignition-math6 -- found version 6.15.1
[1.252s] -- Looking for ignition-fuel_tools4 -- found version 4.4.0
[1.252s] -- Searching for dependencies of ignition-fuel_tools4
[1.298s] -- Found CURL: /usr/lib/x86_64-linux-gnu/libcurl.so (found version "7.81.0")  
[1.303s] -- Checking for module 'jsoncpp'
[1.310s] --   Found jsoncpp, version 1.9.5
[1.329s] -- Found JSONCPP: TRUE  
[1.332s] -- Checking for module 'libzip'
[1.339s] --   Found libzip, version 1.7.3
[1.359s] -- Found ZIP: TRUE  
[1.359s] -- Looking for ignition-common3 -- found version 3.14.0
[1.359s] -- Looking for ignition-math6 -- found version 6.15.1
[1.359s] -- Looking for ignition-msgs5 -- found version 5.8.1
[1.361s] -- Gazebo version: 11.10
[1.361s] -- Checking for module 'tbb'
[1.379s] --   Found tbb, version 2021.5.0
[1.400s] -- Found ament_lint_auto: 0.12.14 (/opt/ros/humble/share/ament_lint_auto/cmake)
[1.449s] -- Added test 'cppcheck' to perform static code analysis on C / C++ code
[1.450s] -- Configured cppcheck include dirs: 
[1.450s] -- Configured cppcheck exclude dirs and/or files: 
[1.450s] -- Added test 'flake8' to check Python code syntax and style conventions
[1.451s] -- Added test 'lint_cmake' to check CMake code style
[1.451s] -- Added test 'pep257' to check Python code against some of the docstring style conventions in PEP 257
[1.453s] -- Added test 'uncrustify' to check C / C++ code style
[1.453s] -- Configured uncrustify additional arguments: 
[1.454s] -- Added test 'xmllint' to check XML markup files
[1.454s] -- Configuring done
[1.458s] -- Generating done
[1.460s] -- Build files have been written to: /home/halit/ros2_project/build/led_robot
[1.470s] Invoked command in '/home/halit/ros2_project/build/led_robot' returned '0': CMAKE_PREFIX_PATH=${CMAKE_PREFIX_PATH}:/opt/ros/humble /usr/bin/cmake /home/halit/ros2_project/source/led_robot -DAMENT_CMAKE_SYMLINK_INSTALL=1 -DCMAKE_INSTALL_PREFIX=/home/halit/ros2_project/install/led_robot
[1.471s] Invoking command in '/home/halit/ros2_project/build/led_robot': CMAKE_PREFIX_PATH=${CMAKE_PREFIX_PATH}:/opt/ros/humble /usr/bin/cmake --build /home/halit/ros2_project/build/led_robot -- -j12 -l12
[1.498s] Invoked command in '/home/halit/ros2_project/build/led_robot' returned '0': CMAKE_PREFIX_PATH=${CMAKE_PREFIX_PATH}:/opt/ros/humble /usr/bin/cmake --build /home/halit/ros2_project/build/led_robot -- -j12 -l12
[1.504s] Invoking command in '/home/halit/ros2_project/build/led_robot': CMAKE_PREFIX_PATH=${CMAKE_PREFIX_PATH}:/opt/ros/humble /usr/bin/cmake --install /home/halit/ros2_project/build/led_robot
[1.508s] -- Install configuration: ""
[1.508s] -- Execute custom install script
[1.509s] -- Up-to-date symlink: /home/halit/ros2_project/install/led_robot/share/led_robot/launch/rsp.launch.py
[1.509s] -- Up-to-date symlink: /home/halit/ros2_project/install/led_robot/share/led_robot/description/inertial_macros.xacro
[1.509s] -- Up-to-date symlink: /home/halit/ros2_project/install/led_robot/share/led_robot/description/robot_core.urdf
[1.509s] -- Up-to-date symlink: /home/halit/ros2_project/install/led_robot/share/led_robot/config/joint_name_drone.yaml
[1.509s] -- Up-to-date symlink: /home/halit/ros2_project/install/led_robot/share/led_robot/meshes/base_link.STL
[1.509s] -- Up-to-date symlink: /home/halit/ros2_project/install/led_robot/share/led_robot/meshes/left_motor_bc_link.STL
[1.509s] -- Up-to-date symlink: /home/halit/ros2_project/install/led_robot/share/led_robot/meshes/left_motor_fr_link.STL
[1.509s] -- Up-to-date symlink: /home/halit/ros2_project/install/led_robot/share/led_robot/meshes/right_motor_bc_link.STL
[1.509s] -- Up-to-date symlink: /home/halit/ros2_project/install/led_robot/share/led_robot/meshes/right_motor_fr_link.STL
[1.509s] -- Up-to-date symlink: /home/halit/ros2_project/install/led_robot/share/ament_index/resource_index/package_run_dependencies/led_robot
[1.509s] -- Up-to-date symlink: /home/halit/ros2_project/install/led_robot/share/ament_index/resource_index/parent_prefix_path/led_robot
[1.509s] -- Up-to-date symlink: /home/halit/ros2_project/install/led_robot/share/led_robot/environment/ament_prefix_path.sh
[1.510s] -- Up-to-date symlink: /home/halit/ros2_project/install/led_robot/share/led_robot/environment/ament_prefix_path.dsv
[1.510s] -- Up-to-date symlink: /home/halit/ros2_project/install/led_robot/share/led_robot/environment/path.sh
[1.510s] -- Up-to-date symlink: /home/halit/ros2_project/install/led_robot/share/led_robot/environment/path.dsv
[1.510s] -- Up-to-date symlink: /home/halit/ros2_project/install/led_robot/share/led_robot/local_setup.bash
[1.510s] -- Up-to-date symlink: /home/halit/ros2_project/install/led_robot/share/led_robot/local_setup.sh
[1.510s] -- Up-to-date symlink: /home/halit/ros2_project/install/led_robot/share/led_robot/local_setup.zsh
[1.510s] -- Up-to-date symlink: /home/halit/ros2_project/install/led_robot/share/led_robot/local_setup.dsv
[1.510s] -- Symlinking: /home/halit/ros2_project/install/led_robot/share/led_robot/package.dsv
[1.515s] -- Up-to-date symlink: /home/halit/ros2_project/install/led_robot/share/ament_index/resource_index/packages/led_robot
[1.515s] -- Up-to-date symlink: /home/halit/ros2_project/install/led_robot/share/led_robot/cmake/led_robotConfig.cmake
[1.516s] -- Up-to-date symlink: /home/halit/ros2_project/install/led_robot/share/led_robot/cmake/led_robotConfig-version.cmake
[1.516s] -- Up-to-date symlink: /home/halit/ros2_project/install/led_robot/share/led_robot/package.xml
[1.517s] Invoked command in '/home/halit/ros2_project/build/led_robot' returned '0': CMAKE_PREFIX_PATH=${CMAKE_PREFIX_PATH}:/opt/ros/humble /usr/bin/cmake --install /home/halit/ros2_project/build/led_robot
