[0.007s] Invoking command in '/home/halit/ros2_project/build/led_robot': CMAKE_PREFIX_PATH=${CMAKE_PREFIX_PATH}:/opt/ros/humble /usr/bin/cmake --build /home/halit/ros2_project/build/led_robot -- -j12 -l12
[0.025s] -- Found ament_cmake: 1.3.12 (/opt/ros/humble/share/ament_cmake/cmake)
[0.099s] -- Override CMake install command with custom implementation using symlinks instead of copying resources
[0.103s] -- Found rclcpp: 16.0.14 (/opt/ros/humble/share/rclcpp/cmake)
[0.120s] -- Found rosidl_generator_c: 3.1.7 (/opt/ros/humble/share/rosidl_generator_c/cmake)
[0.121s] -- Found rosidl_adapter: 3.1.7 (/opt/ros/humble/share/rosidl_adapter/cmake)
[0.125s] -- Found rosidl_generator_cpp: 3.1.7 (/opt/ros/humble/share/rosidl_generator_cpp/cmake)
[0.130s] -- Using all available rosidl_typesupport_c: rosidl_typesupport_fastrtps_c;rosidl_typesupport_introspection_c
[0.138s] -- Using all available rosidl_typesupport_cpp: rosidl_typesupport_fastrtps_cpp;rosidl_typesupport_introspection_cpp
[0.157s] -- Found rmw_implementation_cmake: 6.1.2 (/opt/ros/humble/share/rmw_implementation_cmake/cmake)
[0.158s] -- Found rmw_fastrtps_cpp: 6.2.8 (/opt/ros/humble/share/rmw_fastrtps_cpp/cmake)
[0.220s] -- Using RMW implementation 'rmw_fastrtps_cpp' as default
[0.251s] -- Found sensor_msgs: 4.9.0 (/opt/ros/humble/share/sensor_msgs/cmake)
[0.269s] -- Found cv_bridge: 3.2.1 (/opt/ros/humble/share/cv_bridge/cmake)
[0.275s] -- Found image_transport: 3.1.12 (/opt/ros/humble/share/image_transport/cmake)
[0.290s] -- Found xacro: 2.0.13 (/opt/ros/humble/share/xacro/cmake)
[0.290s] -- Found robot_state_publisher: 3.0.3 (/opt/ros/humble/share/robot_state_publisher/cmake)
[0.293s] -- Found eigen3_cmake_module: 0.1.1 (/opt/ros/humble/share/eigen3_cmake_module/cmake)
[0.294s] -- Ensuring Eigen3 include directory is part of orocos-kdl CMake target
[0.350s] -- Found gazebo_ros: 3.9.0 (/opt/ros/humble/share/gazebo_ros/cmake)
[0.370s] -- Found DART: /usr/include (Required is at least version "6.6") found components: dart 
[0.386s] -- Found Protobuf: /usr/lib/x86_64-linux-gnu/libprotobuf.so (found version "3.12.4") 
[0.387s] -- Looking for ignition-math6 -- found version 6.15.1
[0.390s] -- Searching for dependencies of ignition-math6
[0.391s] -- Looking for OGRE...
[0.394s] -- Found Ogre Ghadamon (1.9.0)
[0.394s] -- Found OGRE: optimized;/usr/lib/x86_64-linux-gnu/libOgreMain.so;debug;/usr/lib/x86_64-linux-gnu/libOgreMain.so
[0.401s] -- Looking for OGRE_Paging...
[0.401s] -- Found OGRE_Paging: optimized;/usr/lib/x86_64-linux-gnu/libOgrePaging.so;debug;/usr/lib/x86_64-linux-gnu/libOgrePaging.so
[0.401s] -- Looking for OGRE_Terrain...
[0.401s] -- Found OGRE_Terrain: optimized;/usr/lib/x86_64-linux-gnu/libOgreTerrain.so;debug;/usr/lib/x86_64-linux-gnu/libOgreTerrain.so
[0.401s] -- Looking for OGRE_Property...
[0.401s] -- Found OGRE_Property: optimized;/usr/lib/x86_64-linux-gnu/libOgreProperty.so;debug;/usr/lib/x86_64-linux-gnu/libOgreProperty.so
[0.401s] -- Looking for OGRE_RTShaderSystem...
[0.401s] -- Found OGRE_RTShaderSystem: optimized;/usr/lib/x86_64-linux-gnu/libOgreRTShaderSystem.so;debug;/usr/lib/x86_64-linux-gnu/libOgreRTShaderSystem.so
[0.401s] -- Looking for OGRE_Volume...
[0.401s] -- Found OGRE_Volume: optimized;/usr/lib/x86_64-linux-gnu/libOgreVolume.so;debug;/usr/lib/x86_64-linux-gnu/libOgreVolume.so
[0.401s] -- Looking for OGRE_Overlay...
[0.401s] -- Found OGRE_Overlay: optimized;/usr/lib/x86_64-linux-gnu/libOgreOverlay.so;debug;/usr/lib/x86_64-linux-gnu/libOgreOverlay.so
[0.461s] -- Looking for ignition-math6 -- found version 6.15.1
[0.461s] -- Looking for ignition-transport8 -- found version 8.2.1
[0.462s] -- Searching for dependencies of ignition-transport8
[0.472s] -- Found Protobuf: /usr/lib/x86_64-linux-gnu/libprotobuf.so (found suitable version "3.12.4", minimum required is "3") 
[0.479s] -- Config-file not installed for ZeroMQ -- checking for pkg-config
[0.482s] -- Checking for module 'libzmq >= 4'
[0.489s] --   Found libzmq , version 4.3.4
[0.512s] -- Checking for module 'uuid'
[0.519s] --   Found uuid, version 2.37.2
[0.538s] -- Looking for ignition-msgs5 -- found version 5.8.1
[0.538s] -- Searching for dependencies of ignition-msgs5
[0.549s] -- Looking for ignition-math6 -- found version 6.15.1
[0.553s] -- Looking for ignition-msgs5 -- found version 5.8.1
[0.553s] -- Looking for ignition-common3 -- found version 3.14.0
[0.554s] -- Searching for dependencies of ignition-common3
[0.554s] -- Looking for dlfcn.h - found
[0.554s] -- Looking for libdl - found
[0.561s] -- Searching for <ignition-common3> component [graphics]
[0.561s] -- Looking for ignition-common3-graphics -- found version 3.14.0
[0.561s] -- Searching for dependencies of ignition-common3-graphics
[0.562s] -- Looking for ignition-math6 -- found version 6.15.1
[0.562s] -- Looking for ignition-fuel_tools4 -- found version 4.4.0
[0.562s] -- Searching for dependencies of ignition-fuel_tools4
[0.585s] -- Checking for module 'jsoncpp'
[0.592s] --   Found jsoncpp, version 1.9.5
[0.613s] -- Checking for module 'libzip'
[0.621s] --   Found libzip, version 1.7.3
[0.640s] -- Looking for ignition-common3 -- found version 3.14.0
[0.640s] -- Looking for ignition-math6 -- found version 6.15.1
[0.640s] -- Looking for ignition-msgs5 -- found version 5.8.1
[0.641s] -- Gazebo version: 11.10
[0.642s] -- Found ament_lint_auto: 0.12.14 (/opt/ros/humble/share/ament_lint_auto/cmake)
[0.687s] -- Added test 'cppcheck' to perform static code analysis on C / C++ code
[0.687s] -- Configured cppcheck include dirs: 
[0.687s] -- Configured cppcheck exclude dirs and/or files: 
[0.687s] -- Added test 'flake8' to check Python code syntax and style conventions
[0.687s] -- Added test 'lint_cmake' to check CMake code style
[0.688s] -- Added test 'pep257' to check Python code against some of the docstring style conventions in PEP 257
[0.690s] -- Added test 'uncrustify' to check C / C++ code style
[0.690s] -- Configured uncrustify additional arguments: 
[0.690s] -- Added test 'xmllint' to check XML markup files
[0.690s] -- Configuring done
[0.694s] -- Generating done
[0.696s] -- Build files have been written to: /home/halit/ros2_project/build/led_robot
[0.716s] Invoked command in '/home/halit/ros2_project/build/led_robot' returned '0': CMAKE_PREFIX_PATH=${CMAKE_PREFIX_PATH}:/opt/ros/humble /usr/bin/cmake --build /home/halit/ros2_project/build/led_robot -- -j12 -l12
[0.722s] Invoking command in '/home/halit/ros2_project/build/led_robot': CMAKE_PREFIX_PATH=${CMAKE_PREFIX_PATH}:/opt/ros/humble /usr/bin/cmake --install /home/halit/ros2_project/build/led_robot
[0.726s] -- Install configuration: ""
[0.727s] -- Execute custom install script
[0.727s] -- Symlinking: /home/halit/ros2_project/install/led_robot/share/led_robot/launch/rsp.launch.py
[0.733s] -- Up-to-date symlink: /home/halit/ros2_project/install/led_robot/share/ament_index/resource_index/package_run_dependencies/led_robot
[0.733s] -- Up-to-date symlink: /home/halit/ros2_project/install/led_robot/share/ament_index/resource_index/parent_prefix_path/led_robot
[0.733s] -- Up-to-date symlink: /home/halit/ros2_project/install/led_robot/share/led_robot/environment/ament_prefix_path.sh
[0.733s] -- Up-to-date symlink: /home/halit/ros2_project/install/led_robot/share/led_robot/environment/ament_prefix_path.dsv
[0.733s] -- Up-to-date symlink: /home/halit/ros2_project/install/led_robot/share/led_robot/environment/path.sh
[0.733s] -- Up-to-date symlink: /home/halit/ros2_project/install/led_robot/share/led_robot/environment/path.dsv
[0.733s] -- Up-to-date symlink: /home/halit/ros2_project/install/led_robot/share/led_robot/local_setup.bash
[0.733s] -- Up-to-date symlink: /home/halit/ros2_project/install/led_robot/share/led_robot/local_setup.sh
[0.733s] -- Up-to-date symlink: /home/halit/ros2_project/install/led_robot/share/led_robot/local_setup.zsh
[0.733s] -- Up-to-date symlink: /home/halit/ros2_project/install/led_robot/share/led_robot/local_setup.dsv
[0.733s] -- Symlinking: /home/halit/ros2_project/install/led_robot/share/led_robot/package.dsv
[0.739s] -- Up-to-date symlink: /home/halit/ros2_project/install/led_robot/share/ament_index/resource_index/packages/led_robot
[0.739s] -- Up-to-date symlink: /home/halit/ros2_project/install/led_robot/share/led_robot/cmake/led_robotConfig.cmake
[0.739s] -- Up-to-date symlink: /home/halit/ros2_project/install/led_robot/share/led_robot/cmake/led_robotConfig-version.cmake
[0.739s] -- Up-to-date symlink: /home/halit/ros2_project/install/led_robot/share/led_robot/package.xml
[0.740s] Invoked command in '/home/halit/ros2_project/build/led_robot' returned '0': CMAKE_PREFIX_PATH=${CMAKE_PREFIX_PATH}:/opt/ros/humble /usr/bin/cmake --install /home/halit/ros2_project/build/led_robot
