-- Install configuration: ""
-- Execute custom install script
-- Up-to-date symlink: /home/halit/ros2_project/install/led_robot/share/led_robot/launch/rsp.launch.py
-- Up-to-date symlink: /home/halit/ros2_project/install/led_robot/share/led_robot/description/inertial_macros.xacro
-- Symlinking: /home/halit/ros2_project/install/led_robot/share/led_robot/description/robot.urdf.xacro
-- Up-to-date symlink: /home/halit/ros2_project/install/led_robot/share/led_robot/description/robot_core.urdf
-- Up-to-date symlink: /home/halit/ros2_project/install/led_robot/share/led_robot/config/joint_name_drone.yaml
-- Up-to-date symlink: /home/halit/ros2_project/install/led_robot/share/led_robot/meshes/base_link.STL
-- Up-to-date symlink: /home/halit/ros2_project/install/led_robot/share/led_robot/meshes/left_motor_bc_link.STL
-- Up-to-date symlink: /home/halit/ros2_project/install/led_robot/share/led_robot/meshes/left_motor_fr_link.STL
-- Up-to-date symlink: /home/halit/ros2_project/install/led_robot/share/led_robot/meshes/right_motor_bc_link.STL
-- Up-to-date symlink: /home/halit/ros2_project/install/led_robot/share/led_robot/meshes/right_motor_fr_link.STL
-- Up-to-date symlink: /home/halit/ros2_project/install/led_robot/share/ament_index/resource_index/package_run_dependencies/led_robot
-- Up-to-date symlink: /home/halit/ros2_project/install/led_robot/share/ament_index/resource_index/parent_prefix_path/led_robot
-- Up-to-date symlink: /home/halit/ros2_project/install/led_robot/share/led_robot/environment/ament_prefix_path.sh
-- Up-to-date symlink: /home/halit/ros2_project/install/led_robot/share/led_robot/environment/ament_prefix_path.dsv
-- Up-to-date symlink: /home/halit/ros2_project/install/led_robot/share/led_robot/environment/path.sh
-- Up-to-date symlink: /home/halit/ros2_project/install/led_robot/share/led_robot/environment/path.dsv
-- Up-to-date symlink: /home/halit/ros2_project/install/led_robot/share/led_robot/local_setup.bash
-- Up-to-date symlink: /home/halit/ros2_project/install/led_robot/share/led_robot/local_setup.sh
-- Up-to-date symlink: /home/halit/ros2_project/install/led_robot/share/led_robot/local_setup.zsh
-- Up-to-date symlink: /home/halit/ros2_project/install/led_robot/share/led_robot/local_setup.dsv
-- Symlinking: /home/halit/ros2_project/install/led_robot/share/led_robot/package.dsv
-- Up-to-date symlink: /home/halit/ros2_project/install/led_robot/share/ament_index/resource_index/packages/led_robot
-- Up-to-date symlink: /home/halit/ros2_project/install/led_robot/share/led_robot/cmake/led_robotConfig.cmake
-- Up-to-date symlink: /home/halit/ros2_project/install/led_robot/share/led_robot/cmake/led_robotConfig-version.cmake
-- Up-to-date symlink: /home/halit/ros2_project/install/led_robot/share/led_robot/package.xml
