[0.006s] Invoking command in '/home/halit/ros2_project/build/led_robot': CMAKE_PREFIX_PATH=${CMAKE_PREFIX_PATH}:/opt/ros/humble /usr/bin/cmake /home/halit/ros2_project/source/led_robot -DAMENT_CMAKE_SYMLINK_INSTALL=1 -DCMAKE_INSTALL_PREFIX=/home/halit/ros2_project/install/led_robot
[0.040s] -- The C compiler identification is GNU 11.4.0
[0.074s] -- The CXX compiler identification is GNU 11.4.0
[0.078s] -- Detecting C compiler ABI info
[0.121s] -- Detecting C compiler ABI info - done
[0.126s] -- Check for working C compiler: /usr/bin/cc - skipped
[0.126s] -- Detecting C compile features
[0.127s] -- Detecting C compile features - done
[0.128s] -- Detecting CXX compiler ABI info
[0.178s] -- Detecting CXX compiler ABI info - done
[0.183s] -- Check for working CXX compiler: /usr/bin/c++ - skipped
[0.183s] -- Detecting CXX compile features
[0.183s] -- Detecting CXX compile features - done
[0.185s] -- Found ament_cmake: 1.3.12 (/opt/ros/humble/share/ament_cmake/cmake)
[0.277s] -- Found Python3: /usr/bin/python3 (found version "3.10.12") found components: Interpreter 
[0.317s] -- Override CMake install command with custom implementation using symlinks instead of copying resources
[0.332s] -- Found rclcpp: 16.0.14 (/opt/ros/humble/share/rclcpp/cmake)
[0.355s] -- Found rosidl_generator_c: 3.1.7 (/opt/ros/humble/share/rosidl_generator_c/cmake)
[0.358s] -- Found rosidl_adapter: 3.1.7 (/opt/ros/humble/share/rosidl_adapter/cmake)
[0.363s] -- Found rosidl_generator_cpp: 3.1.7 (/opt/ros/humble/share/rosidl_generator_cpp/cmake)
[0.370s] -- Using all available rosidl_typesupport_c: rosidl_typesupport_fastrtps_c;rosidl_typesupport_introspection_c
[0.379s] -- Using all available rosidl_typesupport_cpp: rosidl_typesupport_fastrtps_cpp;rosidl_typesupport_introspection_cpp
[0.405s] -- Found rmw_implementation_cmake: 6.1.2 (/opt/ros/humble/share/rmw_implementation_cmake/cmake)
[0.407s] -- Found rmw_fastrtps_cpp: 6.2.8 (/opt/ros/humble/share/rmw_fastrtps_cpp/cmake)
[0.455s] -- Found OpenSSL: /usr/lib/x86_64-linux-gnu/libcrypto.so (found version "3.0.2")  
[0.472s] -- Found FastRTPS: /opt/ros/humble/include  
[0.497s] -- Using RMW implementation 'rmw_fastrtps_cpp' as default
[0.501s] -- Looking for pthread.h
[0.547s] -- Looking for pthread.h - found
[0.547s] -- Performing Test CMAKE_HAVE_LIBC_PTHREAD
[0.593s] -- Performing Test CMAKE_HAVE_LIBC_PTHREAD - Success
[0.594s] -- Found Threads: TRUE  
[0.625s] -- Found sensor_msgs: 4.9.0 (/opt/ros/humble/share/sensor_msgs/cmake)
[0.644s] -- Found cv_bridge: 3.2.1 (/opt/ros/humble/share/cv_bridge/cmake)
[0.651s] -- Found image_transport: 3.1.12 (/opt/ros/humble/share/image_transport/cmake)
[0.673s] -- Found OpenCV: /usr (found version "4.5.4") 
[0.674s] -- Found xacro: 2.0.13 (/opt/ros/humble/share/xacro/cmake)
[0.675s] -- Found robot_state_publisher: 3.0.3 (/opt/ros/humble/share/robot_state_publisher/cmake)
[0.684s] -- Found eigen3_cmake_module: 0.1.1 (/opt/ros/humble/share/eigen3_cmake_module/cmake)
[0.684s] -- Found Eigen3: TRUE (found version "3.4.0") 
[0.685s] -- Ensuring Eigen3 include directory is part of orocos-kdl CMake target
[0.749s] -- Found gazebo_ros: 3.9.0 (/opt/ros/humble/share/gazebo_ros/cmake)
[0.755s] -- Found PkgConfig: /usr/bin/pkg-config (found version "0.29.2") 
[0.755s] -- Checking for module 'bullet>=2.82'
[0.763s] --   Found bullet, version 3.05
[0.818s] -- Found fcl: /usr/include (found suitable version "0.7.0", minimum required is "0.5.0") 
[0.847s] -- Found assimp: /usr/include (found version "5.2.0") 
[0.859s] -- Found DART: /usr/include (Required is at least version "6.6") found components: dart 
[0.875s] -- Found Boost: /usr/lib/x86_64-linux-gnu/cmake/Boost-1.74.0/BoostConfig.cmake (found suitable version "1.74.0", minimum required is "1.40.0") found components: thread system filesystem program_options regex iostreams date_time 
[0.883s] -- Found Protobuf: /usr/lib/x86_64-linux-gnu/libprotobuf.so (found version "3.12.4") 
[0.886s] -- Looking for ignition-math6 -- found version 6.15.1
[0.889s] -- Searching for dependencies of ignition-math6
[0.890s] -- Looking for OGRE...
[0.890s] -- OGRE_PREFIX_WATCH changed.
[0.894s] -- Checking for module 'OGRE'
[0.901s] --   Found OGRE, version 1.9.0
[0.919s] -- Found Ogre Ghadamon (1.9.0)
[0.923s] -- Found OGRE: optimized;/usr/lib/x86_64-linux-gnu/libOgreMain.so;debug;/usr/lib/x86_64-linux-gnu/libOgreMain.so
[0.930s] -- Looking for OGRE_Paging...
[0.934s] -- Found OGRE_Paging: optimized;/usr/lib/x86_64-linux-gnu/libOgrePaging.so;debug;/usr/lib/x86_64-linux-gnu/libOgrePaging.so
[0.934s] -- Looking for OGRE_Terrain...
[0.936s] -- Found OGRE_Terrain: optimized;/usr/lib/x86_64-linux-gnu/libOgreTerrain.so;debug;/usr/lib/x86_64-linux-gnu/libOgreTerrain.so
[0.937s] -- Looking for OGRE_Property...
[0.939s] -- Found OGRE_Property: optimized;/usr/lib/x86_64-linux-gnu/libOgreProperty.so;debug;/usr/lib/x86_64-linux-gnu/libOgreProperty.so
[0.939s] -- Looking for OGRE_RTShaderSystem...
[0.942s] -- Found OGRE_RTShaderSystem: optimized;/usr/lib/x86_64-linux-gnu/libOgreRTShaderSystem.so;debug;/usr/lib/x86_64-linux-gnu/libOgreRTShaderSystem.so
[0.942s] -- Looking for OGRE_Volume...
[0.945s] -- Found OGRE_Volume: optimized;/usr/lib/x86_64-linux-gnu/libOgreVolume.so;debug;/usr/lib/x86_64-linux-gnu/libOgreVolume.so
[0.945s] -- Looking for OGRE_Overlay...
[0.948s] -- Found OGRE_Overlay: optimized;/usr/lib/x86_64-linux-gnu/libOgreOverlay.so;debug;/usr/lib/x86_64-linux-gnu/libOgreOverlay.so
[1.011s] -- Looking for ignition-math6 -- found version 6.15.1
[1.012s] -- Looking for ignition-transport8 -- found version 8.2.1
[1.013s] -- Searching for dependencies of ignition-transport8
[1.024s] -- Found Protobuf: /usr/lib/x86_64-linux-gnu/libprotobuf.so (found suitable version "3.12.4", minimum required is "3") 
[1.030s] -- Config-file not installed for ZeroMQ -- checking for pkg-config
[1.034s] -- Checking for module 'libzmq >= 4'
[1.041s] --   Found libzmq , version 4.3.4
[1.062s] -- Found ZeroMQ: TRUE (Required is at least version "4") 
[1.066s] -- Checking for module 'uuid'
[1.073s] --   Found uuid, version 2.37.2
[1.092s] -- Found UUID: TRUE  
[1.093s] -- Looking for ignition-msgs5 -- found version 5.8.1
[1.093s] -- Searching for dependencies of ignition-msgs5
[1.105s] -- Looking for ignition-math6 -- found version 6.15.1
[1.108s] -- Checking for module 'tinyxml2'
[1.116s] --   Found tinyxml2, version 9.0.0
[1.136s] -- Looking for ignition-msgs5 -- found version 5.8.1
[1.137s] -- Looking for ignition-common3 -- found version 3.14.0
[1.137s] -- Searching for dependencies of ignition-common3
[1.137s] -- Looking for dlfcn.h - found
[1.138s] -- Looking for libdl - found
[1.139s] -- Found DL: TRUE  
[1.146s] -- Found tinyobjloader: /usr/lib/x86_64-linux-gnu/cmake/tinyobjloader/tinyobjloader-config.cmake (found version "2.0.0") 
[1.146s] -- Searching for <ignition-common3> component [graphics]
[1.147s] -- Looking for ignition-common3-graphics -- found version 3.14.0
[1.148s] -- Searching for dependencies of ignition-common3-graphics
[1.148s] -- Looking for ignition-math6 -- found version 6.15.1
[1.149s] -- Looking for ignition-fuel_tools4 -- found version 4.4.0
[1.149s] -- Searching for dependencies of ignition-fuel_tools4
[1.194s] -- Found CURL: /usr/lib/x86_64-linux-gnu/libcurl.so (found version "7.81.0")  
[1.199s] -- Checking for module 'jsoncpp'
[1.207s] --   Found jsoncpp, version 1.9.5
[1.226s] -- Found JSONCPP: TRUE  
[1.230s] -- Checking for module 'libzip'
[1.237s] --   Found libzip, version 1.7.3
[1.257s] -- Found ZIP: TRUE  
[1.257s] -- Looking for ignition-common3 -- found version 3.14.0
[1.258s] -- Looking for ignition-math6 -- found version 6.15.1
[1.258s] -- Looking for ignition-msgs5 -- found version 5.8.1
[1.260s] -- Gazebo version: 11.10
[1.260s] -- Checking for module 'tbb'
[1.268s] --   Found tbb, version 2021.5.0
[1.288s] -- Found ament_lint_auto: 0.12.14 (/opt/ros/humble/share/ament_lint_auto/cmake)
[1.339s] -- Added test 'cppcheck' to perform static code analysis on C / C++ code
[1.339s] -- Configured cppcheck include dirs: 
[1.339s] -- Configured cppcheck exclude dirs and/or files: 
[1.340s] -- Added test 'flake8' to check Python code syntax and style conventions
[1.340s] -- Added test 'lint_cmake' to check CMake code style
[1.341s] -- Added test 'pep257' to check Python code against some of the docstring style conventions in PEP 257
[1.343s] -- Added test 'uncrustify' to check C / C++ code style
[1.343s] -- Configured uncrustify additional arguments: 
[1.343s] -- Added test 'xmllint' to check XML markup files
[1.344s] -- Configuring done
[1.348s] -- Generating done
[1.350s] -- Build files have been written to: /home/halit/ros2_project/build/led_robot
[1.360s] Invoked command in '/home/halit/ros2_project/build/led_robot' returned '0': CMAKE_PREFIX_PATH=${CMAKE_PREFIX_PATH}:/opt/ros/humble /usr/bin/cmake /home/halit/ros2_project/source/led_robot -DAMENT_CMAKE_SYMLINK_INSTALL=1 -DCMAKE_INSTALL_PREFIX=/home/halit/ros2_project/install/led_robot
[1.361s] Invoking command in '/home/halit/ros2_project/build/led_robot': CMAKE_PREFIX_PATH=${CMAKE_PREFIX_PATH}:/opt/ros/humble /usr/bin/cmake --build /home/halit/ros2_project/build/led_robot -- -j12 -l12
[1.388s] Invoked command in '/home/halit/ros2_project/build/led_robot' returned '0': CMAKE_PREFIX_PATH=${CMAKE_PREFIX_PATH}:/opt/ros/humble /usr/bin/cmake --build /home/halit/ros2_project/build/led_robot -- -j12 -l12
[1.394s] Invoking command in '/home/halit/ros2_project/build/led_robot': CMAKE_PREFIX_PATH=${CMAKE_PREFIX_PATH}:/opt/ros/humble /usr/bin/cmake --install /home/halit/ros2_project/build/led_robot
[1.398s] -- Install configuration: ""
[1.398s] -- Execute custom install script
[1.399s] -- Symlinking: /home/halit/ros2_project/install/led_robot/share/ament_index/resource_index/package_run_dependencies/led_robot
[1.404s] -- Symlinking: /home/halit/ros2_project/install/led_robot/share/ament_index/resource_index/parent_prefix_path/led_robot
[1.409s] -- Symlinking: /home/halit/ros2_project/install/led_robot/share/led_robot/environment/ament_prefix_path.sh
[1.414s] -- Symlinking: /home/halit/ros2_project/install/led_robot/share/led_robot/environment/ament_prefix_path.dsv
[1.419s] -- Symlinking: /home/halit/ros2_project/install/led_robot/share/led_robot/environment/path.sh
[1.424s] -- Symlinking: /home/halit/ros2_project/install/led_robot/share/led_robot/environment/path.dsv
[1.429s] -- Symlinking: /home/halit/ros2_project/install/led_robot/share/led_robot/local_setup.bash
[1.434s] -- Symlinking: /home/halit/ros2_project/install/led_robot/share/led_robot/local_setup.sh
[1.439s] -- Symlinking: /home/halit/ros2_project/install/led_robot/share/led_robot/local_setup.zsh
[1.444s] -- Symlinking: /home/halit/ros2_project/install/led_robot/share/led_robot/local_setup.dsv
[1.449s] -- Symlinking: /home/halit/ros2_project/install/led_robot/share/led_robot/package.dsv
[1.454s] -- Symlinking: /home/halit/ros2_project/install/led_robot/share/ament_index/resource_index/packages/led_robot
[1.459s] -- Symlinking: /home/halit/ros2_project/install/led_robot/share/led_robot/cmake/led_robotConfig.cmake
[1.464s] -- Symlinking: /home/halit/ros2_project/install/led_robot/share/led_robot/cmake/led_robotConfig-version.cmake
[1.469s] -- Symlinking: /home/halit/ros2_project/install/led_robot/share/led_robot/package.xml
[1.475s] Invoked command in '/home/halit/ros2_project/build/led_robot' returned '0': CMAKE_PREFIX_PATH=${CMAKE_PREFIX_PATH}:/opt/ros/humble /usr/bin/cmake --install /home/halit/ros2_project/build/led_robot
