[0.006s] Invoking command in '/home/halit/ros2_project/source/build/led_robot': CMAKE_PREFIX_PATH=${CMAKE_PREFIX_PATH}:/opt/ros/humble /usr/bin/cmake /home/halit/ros2_project/source/led_robot -DAMENT_CMAKE_SYMLINK_INSTALL=1 -DCMAKE_INSTALL_PREFIX=/home/halit/ros2_project/source/install/led_robot
[0.040s] -- The C compiler identification is GNU 11.4.0
[0.075s] -- The CXX compiler identification is GNU 11.4.0
[0.079s] -- Detecting C compiler ABI info
[0.122s] -- Detecting C compiler ABI info - done
[0.127s] -- Check for working C compiler: /usr/bin/cc - skipped
[0.127s] -- Detecting C compile features
[0.127s] -- Detecting C compile features - done
[0.129s] -- Detecting CXX compiler ABI info
[0.179s] -- Detecting CXX compiler ABI info - done
[0.184s] -- Check for working CXX compiler: /usr/bin/c++ - skipped
[0.184s] -- Detecting CXX compile features
[0.184s] -- Detecting CXX compile features - done
[0.186s] -- Found ament_cmake: 1.3.12 (/opt/ros/humble/share/ament_cmake/cmake)
[0.280s] -- Found Python3: /usr/bin/python3 (found version "3.10.12") found components: Interpreter 
[0.321s] -- Override CMake install command with custom implementation using symlinks instead of copying resources
[0.338s] -- Found rclcpp: 16.0.14 (/opt/ros/humble/share/rclcpp/cmake)
[0.362s] -- Found rosidl_generator_c: 3.1.7 (/opt/ros/humble/share/rosidl_generator_c/cmake)
[0.364s] -- Found rosidl_adapter: 3.1.7 (/opt/ros/humble/share/rosidl_adapter/cmake)
[0.369s] -- Found rosidl_generator_cpp: 3.1.7 (/opt/ros/humble/share/rosidl_generator_cpp/cmake)
[0.376s] -- Using all available rosidl_typesupport_c: rosidl_typesupport_fastrtps_c;rosidl_typesupport_introspection_c
[0.386s] -- Using all available rosidl_typesupport_cpp: rosidl_typesupport_fastrtps_cpp;rosidl_typesupport_introspection_cpp
[0.411s] -- Found rmw_implementation_cmake: 6.1.2 (/opt/ros/humble/share/rmw_implementation_cmake/cmake)
[0.413s] -- Found rmw_fastrtps_cpp: 6.2.8 (/opt/ros/humble/share/rmw_fastrtps_cpp/cmake)
[0.464s] -- Found OpenSSL: /usr/lib/x86_64-linux-gnu/libcrypto.so (found version "3.0.2")  
[0.481s] -- Found FastRTPS: /opt/ros/humble/include  
[0.505s] -- Using RMW implementation 'rmw_fastrtps_cpp' as default
[0.510s] -- Looking for pthread.h
[0.556s] -- Looking for pthread.h - found
[0.556s] -- Performing Test CMAKE_HAVE_LIBC_PTHREAD
[0.602s] -- Performing Test CMAKE_HAVE_LIBC_PTHREAD - Success
[0.603s] -- Found Threads: TRUE  
[0.636s] -- Found sensor_msgs: 4.9.0 (/opt/ros/humble/share/sensor_msgs/cmake)
[0.656s] -- Found cv_bridge: 3.2.1 (/opt/ros/humble/share/cv_bridge/cmake)
[0.663s] -- Found image_transport: 3.1.12 (/opt/ros/humble/share/image_transport/cmake)
[0.687s] -- Found OpenCV: /usr (found version "4.5.4") 
[0.688s] -- Found xacro: 2.0.13 (/opt/ros/humble/share/xacro/cmake)
[0.689s] -- Found robot_state_publisher: 3.0.3 (/opt/ros/humble/share/robot_state_publisher/cmake)
[0.699s] -- Found eigen3_cmake_module: 0.1.1 (/opt/ros/humble/share/eigen3_cmake_module/cmake)
[0.699s] -- Found Eigen3: TRUE (found version "3.4.0") 
[0.699s] -- Ensuring Eigen3 include directory is part of orocos-kdl CMake target
[0.770s] -- Found gazebo_ros: 3.9.0 (/opt/ros/humble/share/gazebo_ros/cmake)
[0.776s] -- Found PkgConfig: /usr/bin/pkg-config (found version "0.29.2") 
[0.777s] -- Checking for module 'bullet>=2.82'
[0.785s] --   Found bullet, version 3.05
[0.849s] -- Found fcl: /usr/include (found suitable version "0.7.0", minimum required is "0.5.0") 
[0.876s] -- Found assimp: /usr/include (found version "5.2.0") 
[0.888s] -- Found DART: /usr/include (Required is at least version "6.6") found components: dart 
[0.904s] -- Found Boost: /usr/lib/x86_64-linux-gnu/cmake/Boost-1.74.0/BoostConfig.cmake (found suitable version "1.74.0", minimum required is "1.40.0") found components: thread system filesystem program_options regex iostreams date_time 
[0.912s] -- Found Protobuf: /usr/lib/x86_64-linux-gnu/libprotobuf.so (found version "3.12.4") 
[0.915s] -- Looking for ignition-math6 -- found version 6.15.1
[0.918s] -- Searching for dependencies of ignition-math6
[0.919s] -- Looking for OGRE...
[0.920s] -- OGRE_PREFIX_WATCH changed.
[0.923s] -- Checking for module 'OGRE'
[0.930s] --   Found OGRE, version 1.9.0
[0.949s] -- Found Ogre Ghadamon (1.9.0)
[0.953s] -- Found OGRE: optimized;/usr/lib/x86_64-linux-gnu/libOgreMain.so;debug;/usr/lib/x86_64-linux-gnu/libOgreMain.so
[0.960s] -- Looking for OGRE_Paging...
[0.963s] -- Found OGRE_Paging: optimized;/usr/lib/x86_64-linux-gnu/libOgrePaging.so;debug;/usr/lib/x86_64-linux-gnu/libOgrePaging.so
[0.963s] -- Looking for OGRE_Terrain...
[0.966s] -- Found OGRE_Terrain: optimized;/usr/lib/x86_64-linux-gnu/libOgreTerrain.so;debug;/usr/lib/x86_64-linux-gnu/libOgreTerrain.so
[0.966s] -- Looking for OGRE_Property...
[0.969s] -- Found OGRE_Property: optimized;/usr/lib/x86_64-linux-gnu/libOgreProperty.so;debug;/usr/lib/x86_64-linux-gnu/libOgreProperty.so
[0.969s] -- Looking for OGRE_RTShaderSystem...
[0.972s] -- Found OGRE_RTShaderSystem: optimized;/usr/lib/x86_64-linux-gnu/libOgreRTShaderSystem.so;debug;/usr/lib/x86_64-linux-gnu/libOgreRTShaderSystem.so
[0.972s] -- Looking for OGRE_Volume...
[0.974s] -- Found OGRE_Volume: optimized;/usr/lib/x86_64-linux-gnu/libOgreVolume.so;debug;/usr/lib/x86_64-linux-gnu/libOgreVolume.so
[0.975s] -- Looking for OGRE_Overlay...
[0.977s] -- Found OGRE_Overlay: optimized;/usr/lib/x86_64-linux-gnu/libOgreOverlay.so;debug;/usr/lib/x86_64-linux-gnu/libOgreOverlay.so
[1.040s] -- Looking for ignition-math6 -- found version 6.15.1
[1.041s] -- Looking for ignition-transport8 -- found version 8.2.1
[1.041s] -- Searching for dependencies of ignition-transport8
[1.052s] -- Found Protobuf: /usr/lib/x86_64-linux-gnu/libprotobuf.so (found suitable version "3.12.4", minimum required is "3") 
[1.059s] -- Config-file not installed for ZeroMQ -- checking for pkg-config
[1.062s] -- Checking for module 'libzmq >= 4'
[1.069s] --   Found libzmq , version 4.3.4
[1.090s] -- Found ZeroMQ: TRUE (Required is at least version "4") 
[1.093s] -- Checking for module 'uuid'
[1.100s] --   Found uuid, version 2.37.2
[1.119s] -- Found UUID: TRUE  
[1.120s] -- Looking for ignition-msgs5 -- found version 5.8.1
[1.120s] -- Searching for dependencies of ignition-msgs5
[1.132s] -- Looking for ignition-math6 -- found version 6.15.1
[1.136s] -- Checking for module 'tinyxml2'
[1.143s] --   Found tinyxml2, version 9.0.0
[1.162s] -- Looking for ignition-msgs5 -- found version 5.8.1
[1.163s] -- Looking for ignition-common3 -- found version 3.14.0
[1.163s] -- Searching for dependencies of ignition-common3
[1.164s] -- Looking for dlfcn.h - found
[1.164s] -- Looking for libdl - found
[1.165s] -- Found DL: TRUE  
[1.172s] -- Found tinyobjloader: /usr/lib/x86_64-linux-gnu/cmake/tinyobjloader/tinyobjloader-config.cmake (found version "2.0.0") 
[1.173s] -- Searching for <ignition-common3> component [graphics]
[1.174s] -- Looking for ignition-common3-graphics -- found version 3.14.0
[1.174s] -- Searching for dependencies of ignition-common3-graphics
[1.174s] -- Looking for ignition-math6 -- found version 6.15.1
[1.176s] -- Looking for ignition-fuel_tools4 -- found version 4.4.0
[1.176s] -- Searching for dependencies of ignition-fuel_tools4
[1.220s] -- Found CURL: /usr/lib/x86_64-linux-gnu/libcurl.so (found version "7.81.0")  
[1.225s] -- Checking for module 'jsoncpp'
[1.233s] --   Found jsoncpp, version 1.9.5
[1.252s] -- Found JSONCPP: TRUE  
[1.256s] -- Checking for module 'libzip'
[1.263s] --   Found libzip, version 1.7.3
[1.282s] -- Found ZIP: TRUE  
[1.283s] -- Looking for ignition-common3 -- found version 3.14.0
[1.283s] -- Looking for ignition-math6 -- found version 6.15.1
[1.283s] -- Looking for ignition-msgs5 -- found version 5.8.1
[1.285s] -- Gazebo version: 11.10
[1.285s] -- Checking for module 'tbb'
[1.293s] --   Found tbb, version 2021.5.0
[1.312s] -- Found ament_lint_auto: 0.12.14 (/opt/ros/humble/share/ament_lint_auto/cmake)
[1.364s] -- Added test 'cppcheck' to perform static code analysis on C / C++ code
[1.364s] -- Configured cppcheck include dirs: 
[1.364s] -- Configured cppcheck exclude dirs and/or files: 
[1.365s] -- Added test 'flake8' to check Python code syntax and style conventions
[1.365s] -- Added test 'lint_cmake' to check CMake code style
[1.366s] -- Added test 'pep257' to check Python code against some of the docstring style conventions in PEP 257
[1.368s] -- Added test 'uncrustify' to check C / C++ code style
[1.368s] -- Configured uncrustify additional arguments: 
[1.368s] -- Added test 'xmllint' to check XML markup files
[1.369s] -- Configuring done
[1.373s] -- Generating done
[1.375s] -- Build files have been written to: /home/halit/ros2_project/source/build/led_robot
[1.385s] Invoked command in '/home/halit/ros2_project/source/build/led_robot' returned '0': CMAKE_PREFIX_PATH=${CMAKE_PREFIX_PATH}:/opt/ros/humble /usr/bin/cmake /home/halit/ros2_project/source/led_robot -DAMENT_CMAKE_SYMLINK_INSTALL=1 -DCMAKE_INSTALL_PREFIX=/home/halit/ros2_project/source/install/led_robot
[1.386s] Invoking command in '/home/halit/ros2_project/source/build/led_robot': CMAKE_PREFIX_PATH=${CMAKE_PREFIX_PATH}:/opt/ros/humble /usr/bin/cmake --build /home/halit/ros2_project/source/build/led_robot -- -j12 -l12
[1.413s] Invoked command in '/home/halit/ros2_project/source/build/led_robot' returned '0': CMAKE_PREFIX_PATH=${CMAKE_PREFIX_PATH}:/opt/ros/humble /usr/bin/cmake --build /home/halit/ros2_project/source/build/led_robot -- -j12 -l12
[1.419s] Invoking command in '/home/halit/ros2_project/source/build/led_robot': CMAKE_PREFIX_PATH=${CMAKE_PREFIX_PATH}:/opt/ros/humble /usr/bin/cmake --install /home/halit/ros2_project/source/build/led_robot
[1.424s] -- Install configuration: ""
[1.424s] -- Execute custom install script
[1.424s] [31mCMake Error at ament_cmake_symlink_install/ament_cmake_symlink_install.cmake:100 (message):
[1.424s]   ament_cmake_symlink_install_directory() can't find
[1.424s]   '/home/halit/ros2_project/source/led_robot/gazebo_world'
[1.424s] Call Stack (most recent call first):
[1.424s]   ament_cmake_symlink_install/ament_cmake_symlink_install.cmake:314 (ament_cmake_symlink_install_directory)
[1.424s]   cmake_install.cmake:46 (include)
[1.425s] 
[1.425s] [0m
[1.425s] Invoked command in '/home/halit/ros2_project/source/build/led_robot' returned '1': CMAKE_PREFIX_PATH=${CMAKE_PREFIX_PATH}:/opt/ros/humble /usr/bin/cmake --install /home/halit/ros2_project/source/build/led_robot
